
AVRASM ver. 2.1.30  D:\Trung\Hoc Tap\TkeDoLuong\MQ2Real\CODE3\Debug\List\tke.asm Fri Oct 21 11:38:53 2022

D:\Trung\Hoc Tap\TkeDoLuong\MQ2Real\CODE3\Debug\List\tke.asm(1088): warning: Register r4 already defined by the .DEF directive
D:\Trung\Hoc Tap\TkeDoLuong\MQ2Real\CODE3\Debug\List\tke.asm(1089): warning: Register r5 already defined by the .DEF directive
D:\Trung\Hoc Tap\TkeDoLuong\MQ2Real\CODE3\Debug\List\tke.asm(1090): warning: Register r6 already defined by the .DEF directive
D:\Trung\Hoc Tap\TkeDoLuong\MQ2Real\CODE3\Debug\List\tke.asm(1091): warning: Register r9 already defined by the .DEF directive
D:\Trung\Hoc Tap\TkeDoLuong\MQ2Real\CODE3\Debug\List\tke.asm(1092): warning: Register r8 already defined by the .DEF directive
                 
                 
                 ;CodeVisionAVR C Compiler V3.12 Advanced
                 ;(C) Copyright 1998-2014 Pavel Haiduc, HP InfoTech s.r.l.
                 ;http://www.hpinfotech.com
                 
                 ;Build configuration    : Debug
                 ;Chip type              : ATmega32L
                 ;Program type           : Application
                 ;Clock frequency        : 8.000000 MHz
                 ;Memory model           : Small
                 ;Optimize for           : Size
                 ;(s)printf features     : int, width
                 ;(s)scanf features      : int, width
                 ;External RAM size      : 0
                 ;Data Stack size        : 512 byte(s)
                 ;Heap size              : 0 byte(s)
                 ;Promote 'char' to 'int': Yes
                 ;'char' is unsigned     : Yes
                 ;8 bit enums            : Yes
                 ;Global 'const' stored in FLASH: Yes
                 ;Enhanced function parameter passing: Yes
                 ;Enhanced core instructions: On
                 ;Automatic register allocation for global variables: On
                 ;Smart register allocation: On
                 
                 	#define _MODEL_SMALL_
                 
                 	#pragma AVRPART ADMIN PART_NAME ATmega32L
                 	#pragma AVRPART MEMORY PROG_FLASH 32768
                 	#pragma AVRPART MEMORY EEPROM 1024
                 	#pragma AVRPART MEMORY INT_SRAM SIZE 2048
                 	#pragma AVRPART MEMORY INT_SRAM START_ADDR 0x60
                 
                 	#define CALL_SUPPORTED 1
                 
                 	.LISTMAC
                 	.EQU UDRE=0x5
                 	.EQU RXC=0x7
                 	.EQU USR=0xB
                 	.EQU UDR=0xC
                 	.EQU SPSR=0xE
                 	.EQU SPDR=0xF
                 	.EQU EERE=0x0
                 	.EQU EEWE=0x1
                 	.EQU EEMWE=0x2
                 	.EQU EECR=0x1C
                 	.EQU EEDR=0x1D
                 	.EQU EEARL=0x1E
                 	.EQU EEARH=0x1F
                 	.EQU WDTCR=0x21
                 	.EQU MCUCR=0x35
                 	.EQU GICR=0x3B
                 	.EQU SPL=0x3D
                 	.EQU SPH=0x3E
                 	.EQU SREG=0x3F
                 
                 	.DEF R0X0=R0
                 	.DEF R0X1=R1
                 	.DEF R0X2=R2
                 	.DEF R0X3=R3
                 	.DEF R0X4=R4
                 	.DEF R0X5=R5
                 	.DEF R0X6=R6
                 	.DEF R0X7=R7
                 	.DEF R0X8=R8
                 	.DEF R0X9=R9
                 	.DEF R0XA=R10
                 	.DEF R0XB=R11
                 	.DEF R0XC=R12
                 	.DEF R0XD=R13
                 	.DEF R0XE=R14
                 	.DEF R0XF=R15
                 	.DEF R0X10=R16
                 	.DEF R0X11=R17
                 	.DEF R0X12=R18
                 	.DEF R0X13=R19
                 	.DEF R0X14=R20
                 	.DEF R0X15=R21
                 	.DEF R0X16=R22
                 	.DEF R0X17=R23
                 	.DEF R0X18=R24
                 	.DEF R0X19=R25
                 	.DEF R0X1A=R26
                 	.DEF R0X1B=R27
                 	.DEF R0X1C=R28
                 	.DEF R0X1D=R29
                 	.DEF R0X1E=R30
                 	.DEF R0X1F=R31
                 
                 	.EQU __SRAM_START=0x0060
                 	.EQU __SRAM_END=0x085F
                 	.EQU __DSTACK_SIZE=0x0200
                 	.EQU __HEAP_SIZE=0x0000
                 	.EQU __CLEAR_SRAM_SIZE=__SRAM_END-__SRAM_START+1
                 
                 	.MACRO __CPD1N
                 	CPI  R30,LOW(@0)
                 	LDI  R26,HIGH(@0)
                 	CPC  R31,R26
                 	LDI  R26,BYTE3(@0)
                 	CPC  R22,R26
                 	LDI  R26,BYTE4(@0)
                 	CPC  R23,R26
                 	.ENDM
                 
                 	.MACRO __CPD2N
                 	CPI  R26,LOW(@0)
                 	LDI  R30,HIGH(@0)
                 	CPC  R27,R30
                 	LDI  R30,BYTE3(@0)
                 	CPC  R24,R30
                 	LDI  R30,BYTE4(@0)
                 	CPC  R25,R30
                 	.ENDM
                 
                 	.MACRO __CPWRR
                 	CP   R@0,R@2
                 	CPC  R@1,R@3
                 	.ENDM
                 
                 	.MACRO __CPWRN
                 	CPI  R@0,LOW(@2)
                 	LDI  R30,HIGH(@2)
                 	CPC  R@1,R30
                 	.ENDM
                 
                 	.MACRO __ADDB1MN
                 	SUBI R30,LOW(-@0-(@1))
                 	.ENDM
                 
                 	.MACRO __ADDB2MN
                 	SUBI R26,LOW(-@0-(@1))
                 	.ENDM
                 
                 	.MACRO __ADDW1MN
                 	SUBI R30,LOW(-@0-(@1))
                 	SBCI R31,HIGH(-@0-(@1))
                 	.ENDM
                 
                 	.MACRO __ADDW2MN
                 	SUBI R26,LOW(-@0-(@1))
                 	SBCI R27,HIGH(-@0-(@1))
                 	.ENDM
                 
                 	.MACRO __ADDW1FN
                 	SUBI R30,LOW(-2*@0-(@1))
                 	SBCI R31,HIGH(-2*@0-(@1))
                 	.ENDM
                 
                 	.MACRO __ADDD1FN
                 	SUBI R30,LOW(-2*@0-(@1))
                 	SBCI R31,HIGH(-2*@0-(@1))
                 	SBCI R22,BYTE3(-2*@0-(@1))
                 	.ENDM
                 
                 	.MACRO __ADDD1N
                 	SUBI R30,LOW(-@0)
                 	SBCI R31,HIGH(-@0)
                 	SBCI R22,BYTE3(-@0)
                 	SBCI R23,BYTE4(-@0)
                 	.ENDM
                 
                 	.MACRO __ADDD2N
                 	SUBI R26,LOW(-@0)
                 	SBCI R27,HIGH(-@0)
                 	SBCI R24,BYTE3(-@0)
                 	SBCI R25,BYTE4(-@0)
                 	.ENDM
                 
                 	.MACRO __SUBD1N
                 	SUBI R30,LOW(@0)
                 	SBCI R31,HIGH(@0)
                 	SBCI R22,BYTE3(@0)
                 	SBCI R23,BYTE4(@0)
                 	.ENDM
                 
                 	.MACRO __SUBD2N
                 	SUBI R26,LOW(@0)
                 	SBCI R27,HIGH(@0)
                 	SBCI R24,BYTE3(@0)
                 	SBCI R25,BYTE4(@0)
                 	.ENDM
                 
                 	.MACRO __ANDBMNN
                 	LDS  R30,@0+(@1)
                 	ANDI R30,LOW(@2)
                 	STS  @0+(@1),R30
                 	.ENDM
                 
                 	.MACRO __ANDWMNN
                 	LDS  R30,@0+(@1)
                 	ANDI R30,LOW(@2)
                 	STS  @0+(@1),R30
                 	LDS  R30,@0+(@1)+1
                 	ANDI R30,HIGH(@2)
                 	STS  @0+(@1)+1,R30
                 	.ENDM
                 
                 	.MACRO __ANDD1N
                 	ANDI R30,LOW(@0)
                 	ANDI R31,HIGH(@0)
                 	ANDI R22,BYTE3(@0)
                 	ANDI R23,BYTE4(@0)
                 	.ENDM
                 
                 	.MACRO __ANDD2N
                 	ANDI R26,LOW(@0)
                 	ANDI R27,HIGH(@0)
                 	ANDI R24,BYTE3(@0)
                 	ANDI R25,BYTE4(@0)
                 	.ENDM
                 
                 	.MACRO __ORBMNN
                 	LDS  R30,@0+(@1)
                 	ORI  R30,LOW(@2)
                 	STS  @0+(@1),R30
                 	.ENDM
                 
                 	.MACRO __ORWMNN
                 	LDS  R30,@0+(@1)
                 	ORI  R30,LOW(@2)
                 	STS  @0+(@1),R30
                 	LDS  R30,@0+(@1)+1
                 	ORI  R30,HIGH(@2)
                 	STS  @0+(@1)+1,R30
                 	.ENDM
                 
                 	.MACRO __ORD1N
                 	ORI  R30,LOW(@0)
                 	ORI  R31,HIGH(@0)
                 	ORI  R22,BYTE3(@0)
                 	ORI  R23,BYTE4(@0)
                 	.ENDM
                 
                 	.MACRO __ORD2N
                 	ORI  R26,LOW(@0)
                 	ORI  R27,HIGH(@0)
                 	ORI  R24,BYTE3(@0)
                 	ORI  R25,BYTE4(@0)
                 	.ENDM
                 
                 	.MACRO __DELAY_USB
                 	LDI  R24,LOW(@0)
                 __DELAY_USB_LOOP:
                 	DEC  R24
                 	BRNE __DELAY_USB_LOOP
                 	.ENDM
                 
                 	.MACRO __DELAY_USW
                 	LDI  R24,LOW(@0)
                 	LDI  R25,HIGH(@0)
                 __DELAY_USW_LOOP:
                 	SBIW R24,1
                 	BRNE __DELAY_USW_LOOP
                 	.ENDM
                 
                 	.MACRO __GETD1S
                 	LDD  R30,Y+@0
                 	LDD  R31,Y+@0+1
                 	LDD  R22,Y+@0+2
                 	LDD  R23,Y+@0+3
                 	.ENDM
                 
                 	.MACRO __GETD2S
                 	LDD  R26,Y+@0
                 	LDD  R27,Y+@0+1
                 	LDD  R24,Y+@0+2
                 	LDD  R25,Y+@0+3
                 	.ENDM
                 
                 	.MACRO __PUTD1S
                 	STD  Y+@0,R30
                 	STD  Y+@0+1,R31
                 	STD  Y+@0+2,R22
                 	STD  Y+@0+3,R23
                 	.ENDM
                 
                 	.MACRO __PUTD2S
                 	STD  Y+@0,R26
                 	STD  Y+@0+1,R27
                 	STD  Y+@0+2,R24
                 	STD  Y+@0+3,R25
                 	.ENDM
                 
                 	.MACRO __PUTDZ2
                 	STD  Z+@0,R26
                 	STD  Z+@0+1,R27
                 	STD  Z+@0+2,R24
                 	STD  Z+@0+3,R25
                 	.ENDM
                 
                 	.MACRO __CLRD1S
                 	STD  Y+@0,R30
                 	STD  Y+@0+1,R30
                 	STD  Y+@0+2,R30
                 	STD  Y+@0+3,R30
                 	.ENDM
                 
                 	.MACRO __POINTB1MN
                 	LDI  R30,LOW(@0+(@1))
                 	.ENDM
                 
                 	.MACRO __POINTW1MN
                 	LDI  R30,LOW(@0+(@1))
                 	LDI  R31,HIGH(@0+(@1))
                 	.ENDM
                 
                 	.MACRO __POINTD1M
                 	LDI  R30,LOW(@0)
                 	LDI  R31,HIGH(@0)
                 	LDI  R22,BYTE3(@0)
                 	LDI  R23,BYTE4(@0)
                 	.ENDM
                 
                 	.MACRO __POINTW1FN
                 	LDI  R30,LOW(2*@0+(@1))
                 	LDI  R31,HIGH(2*@0+(@1))
                 	.ENDM
                 
                 	.MACRO __POINTD1FN
                 	LDI  R30,LOW(2*@0+(@1))
                 	LDI  R31,HIGH(2*@0+(@1))
                 	LDI  R22,BYTE3(2*@0+(@1))
                 	LDI  R23,BYTE4(2*@0+(@1))
                 	.ENDM
                 
                 	.MACRO __POINTB2MN
                 	LDI  R26,LOW(@0+(@1))
                 	.ENDM
                 
                 	.MACRO __POINTW2MN
                 	LDI  R26,LOW(@0+(@1))
                 	LDI  R27,HIGH(@0+(@1))
                 	.ENDM
                 
                 	.MACRO __POINTW2FN
                 	LDI  R26,LOW(2*@0+(@1))
                 	LDI  R27,HIGH(2*@0+(@1))
                 	.ENDM
                 
                 	.MACRO __POINTD2FN
                 	LDI  R26,LOW(2*@0+(@1))
                 	LDI  R27,HIGH(2*@0+(@1))
                 	LDI  R24,BYTE3(2*@0+(@1))
                 	LDI  R25,BYTE4(2*@0+(@1))
                 	.ENDM
                 
                 	.MACRO __POINTBRM
                 	LDI  R@0,LOW(@1)
                 	.ENDM
                 
                 	.MACRO __POINTWRM
                 	LDI  R@0,LOW(@2)
                 	LDI  R@1,HIGH(@2)
                 	.ENDM
                 
                 	.MACRO __POINTBRMN
                 	LDI  R@0,LOW(@1+(@2))
                 	.ENDM
                 
                 	.MACRO __POINTWRMN
                 	LDI  R@0,LOW(@2+(@3))
                 	LDI  R@1,HIGH(@2+(@3))
                 	.ENDM
                 
                 	.MACRO __POINTWRFN
                 	LDI  R@0,LOW(@2*2+(@3))
                 	LDI  R@1,HIGH(@2*2+(@3))
                 	.ENDM
                 
                 	.MACRO __GETD1N
                 	LDI  R30,LOW(@0)
                 	LDI  R31,HIGH(@0)
                 	LDI  R22,BYTE3(@0)
                 	LDI  R23,BYTE4(@0)
                 	.ENDM
                 
                 	.MACRO __GETD2N
                 	LDI  R26,LOW(@0)
                 	LDI  R27,HIGH(@0)
                 	LDI  R24,BYTE3(@0)
                 	LDI  R25,BYTE4(@0)
                 	.ENDM
                 
                 	.MACRO __GETB1MN
                 	LDS  R30,@0+(@1)
                 	.ENDM
                 
                 	.MACRO __GETB1HMN
                 	LDS  R31,@0+(@1)
                 	.ENDM
                 
                 	.MACRO __GETW1MN
                 	LDS  R30,@0+(@1)
                 	LDS  R31,@0+(@1)+1
                 	.ENDM
                 
                 	.MACRO __GETD1MN
                 	LDS  R30,@0+(@1)
                 	LDS  R31,@0+(@1)+1
                 	LDS  R22,@0+(@1)+2
                 	LDS  R23,@0+(@1)+3
                 	.ENDM
                 
                 	.MACRO __GETBRMN
                 	LDS  R@0,@1+(@2)
                 	.ENDM
                 
                 	.MACRO __GETWRMN
                 	LDS  R@0,@2+(@3)
                 	LDS  R@1,@2+(@3)+1
                 	.ENDM
                 
                 	.MACRO __GETWRZ
                 	LDD  R@0,Z+@2
                 	LDD  R@1,Z+@2+1
                 	.ENDM
                 
                 	.MACRO __GETD2Z
                 	LDD  R26,Z+@0
                 	LDD  R27,Z+@0+1
                 	LDD  R24,Z+@0+2
                 	LDD  R25,Z+@0+3
                 	.ENDM
                 
                 	.MACRO __GETB2MN
                 	LDS  R26,@0+(@1)
                 	.ENDM
                 
                 	.MACRO __GETW2MN
                 	LDS  R26,@0+(@1)
                 	LDS  R27,@0+(@1)+1
                 	.ENDM
                 
                 	.MACRO __GETD2MN
                 	LDS  R26,@0+(@1)
                 	LDS  R27,@0+(@1)+1
                 	LDS  R24,@0+(@1)+2
                 	LDS  R25,@0+(@1)+3
                 	.ENDM
                 
                 	.MACRO __PUTB1MN
                 	STS  @0+(@1),R30
                 	.ENDM
                 
                 	.MACRO __PUTW1MN
                 	STS  @0+(@1),R30
                 	STS  @0+(@1)+1,R31
                 	.ENDM
                 
                 	.MACRO __PUTD1MN
                 	STS  @0+(@1),R30
                 	STS  @0+(@1)+1,R31
                 	STS  @0+(@1)+2,R22
                 	STS  @0+(@1)+3,R23
                 	.ENDM
                 
                 	.MACRO __PUTB1EN
                 	LDI  R26,LOW(@0+(@1))
                 	LDI  R27,HIGH(@0+(@1))
                 	CALL __EEPROMWRB
                 	.ENDM
                 
                 	.MACRO __PUTW1EN
                 	LDI  R26,LOW(@0+(@1))
                 	LDI  R27,HIGH(@0+(@1))
                 	CALL __EEPROMWRW
                 	.ENDM
                 
                 	.MACRO __PUTD1EN
                 	LDI  R26,LOW(@0+(@1))
                 	LDI  R27,HIGH(@0+(@1))
                 	CALL __EEPROMWRD
                 	.ENDM
                 
                 	.MACRO __PUTBR0MN
                 	STS  @0+(@1),R0
                 	.ENDM
                 
                 	.MACRO __PUTBMRN
                 	STS  @0+(@1),R@2
                 	.ENDM
                 
                 	.MACRO __PUTWMRN
                 	STS  @0+(@1),R@2
                 	STS  @0+(@1)+1,R@3
                 	.ENDM
                 
                 	.MACRO __PUTBZR
                 	STD  Z+@1,R@0
                 	.ENDM
                 
                 	.MACRO __PUTWZR
                 	STD  Z+@2,R@0
                 	STD  Z+@2+1,R@1
                 	.ENDM
                 
                 	.MACRO __GETW1R
                 	MOV  R30,R@0
                 	MOV  R31,R@1
                 	.ENDM
                 
                 	.MACRO __GETW2R
                 	MOV  R26,R@0
                 	MOV  R27,R@1
                 	.ENDM
                 
                 	.MACRO __GETWRN
                 	LDI  R@0,LOW(@2)
                 	LDI  R@1,HIGH(@2)
                 	.ENDM
                 
                 	.MACRO __PUTW1R
                 	MOV  R@0,R30
                 	MOV  R@1,R31
                 	.ENDM
                 
                 	.MACRO __PUTW2R
                 	MOV  R@0,R26
                 	MOV  R@1,R27
                 	.ENDM
                 
                 	.MACRO __ADDWRN
                 	SUBI R@0,LOW(-@2)
                 	SBCI R@1,HIGH(-@2)
                 	.ENDM
                 
                 	.MACRO __ADDWRR
                 	ADD  R@0,R@2
                 	ADC  R@1,R@3
                 	.ENDM
                 
                 	.MACRO __SUBWRN
                 	SUBI R@0,LOW(@2)
                 	SBCI R@1,HIGH(@2)
                 	.ENDM
                 
                 	.MACRO __SUBWRR
                 	SUB  R@0,R@2
                 	SBC  R@1,R@3
                 	.ENDM
                 
                 	.MACRO __ANDWRN
                 	ANDI R@0,LOW(@2)
                 	ANDI R@1,HIGH(@2)
                 	.ENDM
                 
                 	.MACRO __ANDWRR
                 	AND  R@0,R@2
                 	AND  R@1,R@3
                 	.ENDM
                 
                 	.MACRO __ORWRN
                 	ORI  R@0,LOW(@2)
                 	ORI  R@1,HIGH(@2)
                 	.ENDM
                 
                 	.MACRO __ORWRR
                 	OR   R@0,R@2
                 	OR   R@1,R@3
                 	.ENDM
                 
                 	.MACRO __EORWRR
                 	EOR  R@0,R@2
                 	EOR  R@1,R@3
                 	.ENDM
                 
                 	.MACRO __GETWRS
                 	LDD  R@0,Y+@2
                 	LDD  R@1,Y+@2+1
                 	.ENDM
                 
                 	.MACRO __PUTBSR
                 	STD  Y+@1,R@0
                 	.ENDM
                 
                 	.MACRO __PUTWSR
                 	STD  Y+@2,R@0
                 	STD  Y+@2+1,R@1
                 	.ENDM
                 
                 	.MACRO __MOVEWRR
                 	MOV  R@0,R@2
                 	MOV  R@1,R@3
                 	.ENDM
                 
                 	.MACRO __INWR
                 	IN   R@0,@2
                 	IN   R@1,@2+1
                 	.ENDM
                 
                 	.MACRO __OUTWR
                 	OUT  @2+1,R@1
                 	OUT  @2,R@0
                 	.ENDM
                 
                 	.MACRO __CALL1MN
                 	LDS  R30,@0+(@1)
                 	LDS  R31,@0+(@1)+1
                 	ICALL
                 	.ENDM
                 
                 	.MACRO __CALL1FN
                 	LDI  R30,LOW(2*@0+(@1))
                 	LDI  R31,HIGH(2*@0+(@1))
                 	CALL __GETW1PF
                 	ICALL
                 	.ENDM
                 
                 	.MACRO __CALL2EN
                 	PUSH R26
                 	PUSH R27
                 	LDI  R26,LOW(@0+(@1))
                 	LDI  R27,HIGH(@0+(@1))
                 	CALL __EEPROMRDW
                 	POP  R27
                 	POP  R26
                 	ICALL
                 	.ENDM
                 
                 	.MACRO __CALL2EX
                 	SUBI R26,LOW(-@0)
                 	SBCI R27,HIGH(-@0)
                 	CALL __EEPROMRDD
                 	ICALL
                 	.ENDM
                 
                 	.MACRO __GETW1STACK
                 	IN   R30,SPL
                 	IN   R31,SPH
                 	ADIW R30,@0+1
                 	LD   R0,Z+
                 	LD   R31,Z
                 	MOV  R30,R0
                 	.ENDM
                 
                 	.MACRO __GETD1STACK
                 	IN   R30,SPL
                 	IN   R31,SPH
                 	ADIW R30,@0+1
                 	LD   R0,Z+
                 	LD   R1,Z+
                 	LD   R22,Z
                 	MOVW R30,R0
                 	.ENDM
                 
                 	.MACRO __NBST
                 	BST  R@0,@1
                 	IN   R30,SREG
                 	LDI  R31,0x40
                 	EOR  R30,R31
                 	OUT  SREG,R30
                 	.ENDM
                 
                 
                 	.MACRO __PUTB1SN
                 	LDD  R26,Y+@0
                 	LDD  R27,Y+@0+1
                 	SUBI R26,LOW(-@1)
                 	SBCI R27,HIGH(-@1)
                 	ST   X,R30
                 	.ENDM
                 
                 	.MACRO __PUTW1SN
                 	LDD  R26,Y+@0
                 	LDD  R27,Y+@0+1
                 	SUBI R26,LOW(-@1)
                 	SBCI R27,HIGH(-@1)
                 	ST   X+,R30
                 	ST   X,R31
                 	.ENDM
                 
                 	.MACRO __PUTD1SN
                 	LDD  R26,Y+@0
                 	LDD  R27,Y+@0+1
                 	SUBI R26,LOW(-@1)
                 	SBCI R27,HIGH(-@1)
                 	CALL __PUTDP1
                 	.ENDM
                 
                 	.MACRO __PUTB1SNS
                 	LDD  R26,Y+@0
                 	LDD  R27,Y+@0+1
                 	ADIW R26,@1
                 	ST   X,R30
                 	.ENDM
                 
                 	.MACRO __PUTW1SNS
                 	LDD  R26,Y+@0
                 	LDD  R27,Y+@0+1
                 	ADIW R26,@1
                 	ST   X+,R30
                 	ST   X,R31
                 	.ENDM
                 
                 	.MACRO __PUTD1SNS
                 	LDD  R26,Y+@0
                 	LDD  R27,Y+@0+1
                 	ADIW R26,@1
                 	CALL __PUTDP1
                 	.ENDM
                 
                 	.MACRO __PUTB1PMN
                 	LDS  R26,@0
                 	LDS  R27,@0+1
                 	SUBI R26,LOW(-@1)
                 	SBCI R27,HIGH(-@1)
                 	ST   X,R30
                 	.ENDM
                 
                 	.MACRO __PUTW1PMN
                 	LDS  R26,@0
                 	LDS  R27,@0+1
                 	SUBI R26,LOW(-@1)
                 	SBCI R27,HIGH(-@1)
                 	ST   X+,R30
                 	ST   X,R31
                 	.ENDM
                 
                 	.MACRO __PUTD1PMN
                 	LDS  R26,@0
                 	LDS  R27,@0+1
                 	SUBI R26,LOW(-@1)
                 	SBCI R27,HIGH(-@1)
                 	CALL __PUTDP1
                 	.ENDM
                 
                 	.MACRO __PUTB1PMNS
                 	LDS  R26,@0
                 	LDS  R27,@0+1
                 	ADIW R26,@1
                 	ST   X,R30
                 	.ENDM
                 
                 	.MACRO __PUTW1PMNS
                 	LDS  R26,@0
                 	LDS  R27,@0+1
                 	ADIW R26,@1
                 	ST   X+,R30
                 	ST   X,R31
                 	.ENDM
                 
                 	.MACRO __PUTD1PMNS
                 	LDS  R26,@0
                 	LDS  R27,@0+1
                 	ADIW R26,@1
                 	CALL __PUTDP1
                 	.ENDM
                 
                 	.MACRO __PUTB1RN
                 	MOVW R26,R@0
                 	SUBI R26,LOW(-@1)
                 	SBCI R27,HIGH(-@1)
                 	ST   X,R30
                 	.ENDM
                 
                 	.MACRO __PUTW1RN
                 	MOVW R26,R@0
                 	SUBI R26,LOW(-@1)
                 	SBCI R27,HIGH(-@1)
                 	ST   X+,R30
                 	ST   X,R31
                 	.ENDM
                 
                 	.MACRO __PUTD1RN
                 	MOVW R26,R@0
                 	SUBI R26,LOW(-@1)
                 	SBCI R27,HIGH(-@1)
                 	CALL __PUTDP1
                 	.ENDM
                 
                 	.MACRO __PUTB1RNS
                 	MOVW R26,R@0
                 	ADIW R26,@1
                 	ST   X,R30
                 	.ENDM
                 
                 	.MACRO __PUTW1RNS
                 	MOVW R26,R@0
                 	ADIW R26,@1
                 	ST   X+,R30
                 	ST   X,R31
                 	.ENDM
                 
                 	.MACRO __PUTD1RNS
                 	MOVW R26,R@0
                 	ADIW R26,@1
                 	CALL __PUTDP1
                 	.ENDM
                 
                 	.MACRO __PUTB1RON
                 	MOV  R26,R@0
                 	MOV  R27,R@1
                 	SUBI R26,LOW(-@2)
                 	SBCI R27,HIGH(-@2)
                 	ST   X,R30
                 	.ENDM
                 
                 	.MACRO __PUTW1RON
                 	MOV  R26,R@0
                 	MOV  R27,R@1
                 	SUBI R26,LOW(-@2)
                 	SBCI R27,HIGH(-@2)
                 	ST   X+,R30
                 	ST   X,R31
                 	.ENDM
                 
                 	.MACRO __PUTD1RON
                 	MOV  R26,R@0
                 	MOV  R27,R@1
                 	SUBI R26,LOW(-@2)
                 	SBCI R27,HIGH(-@2)
                 	CALL __PUTDP1
                 	.ENDM
                 
                 	.MACRO __PUTB1RONS
                 	MOV  R26,R@0
                 	MOV  R27,R@1
                 	ADIW R26,@2
                 	ST   X,R30
                 	.ENDM
                 
                 	.MACRO __PUTW1RONS
                 	MOV  R26,R@0
                 	MOV  R27,R@1
                 	ADIW R26,@2
                 	ST   X+,R30
                 	ST   X,R31
                 	.ENDM
                 
                 	.MACRO __PUTD1RONS
                 	MOV  R26,R@0
                 	MOV  R27,R@1
                 	ADIW R26,@2
                 	CALL __PUTDP1
                 	.ENDM
                 
                 
                 	.MACRO __GETB1SX
                 	MOVW R30,R28
                 	SUBI R30,LOW(-@0)
                 	SBCI R31,HIGH(-@0)
                 	LD   R30,Z
                 	.ENDM
                 
                 	.MACRO __GETB1HSX
                 	MOVW R30,R28
                 	SUBI R30,LOW(-@0)
                 	SBCI R31,HIGH(-@0)
                 	LD   R31,Z
                 	.ENDM
                 
                 	.MACRO __GETW1SX
                 	MOVW R30,R28
                 	SUBI R30,LOW(-@0)
                 	SBCI R31,HIGH(-@0)
                 	LD   R0,Z+
                 	LD   R31,Z
                 	MOV  R30,R0
                 	.ENDM
                 
                 	.MACRO __GETD1SX
                 	MOVW R30,R28
                 	SUBI R30,LOW(-@0)
                 	SBCI R31,HIGH(-@0)
                 	LD   R0,Z+
                 	LD   R1,Z+
                 	LD   R22,Z+
                 	LD   R23,Z
                 	MOVW R30,R0
                 	.ENDM
                 
                 	.MACRO __GETB2SX
                 	MOVW R26,R28
                 	SUBI R26,LOW(-@0)
                 	SBCI R27,HIGH(-@0)
                 	LD   R26,X
                 	.ENDM
                 
                 	.MACRO __GETW2SX
                 	MOVW R26,R28
                 	SUBI R26,LOW(-@0)
                 	SBCI R27,HIGH(-@0)
                 	LD   R0,X+
                 	LD   R27,X
                 	MOV  R26,R0
                 	.ENDM
                 
                 	.MACRO __GETD2SX
                 	MOVW R26,R28
                 	SUBI R26,LOW(-@0)
                 	SBCI R27,HIGH(-@0)
                 	LD   R0,X+
                 	LD   R1,X+
                 	LD   R24,X+
                 	LD   R25,X
                 	MOVW R26,R0
                 	.ENDM
                 
                 	.MACRO __GETBRSX
                 	MOVW R30,R28
                 	SUBI R30,LOW(-@1)
                 	SBCI R31,HIGH(-@1)
                 	LD   R@0,Z
                 	.ENDM
                 
                 	.MACRO __GETWRSX
                 	MOVW R30,R28
                 	SUBI R30,LOW(-@2)
                 	SBCI R31,HIGH(-@2)
                 	LD   R@0,Z+
                 	LD   R@1,Z
                 	.ENDM
                 
                 	.MACRO __GETBRSX2
                 	MOVW R26,R28
                 	SUBI R26,LOW(-@1)
                 	SBCI R27,HIGH(-@1)
                 	LD   R@0,X
                 	.ENDM
                 
                 	.MACRO __GETWRSX2
                 	MOVW R26,R28
                 	SUBI R26,LOW(-@2)
                 	SBCI R27,HIGH(-@2)
                 	LD   R@0,X+
                 	LD   R@1,X
                 	.ENDM
                 
                 	.MACRO __LSLW8SX
                 	MOVW R30,R28
                 	SUBI R30,LOW(-@0)
                 	SBCI R31,HIGH(-@0)
                 	LD   R31,Z
                 	CLR  R30
                 	.ENDM
                 
                 	.MACRO __PUTB1SX
                 	MOVW R26,R28
                 	SUBI R26,LOW(-@0)
                 	SBCI R27,HIGH(-@0)
                 	ST   X,R30
                 	.ENDM
                 
                 	.MACRO __PUTW1SX
                 	MOVW R26,R28
                 	SUBI R26,LOW(-@0)
                 	SBCI R27,HIGH(-@0)
                 	ST   X+,R30
                 	ST   X,R31
                 	.ENDM
                 
                 	.MACRO __PUTD1SX
                 	MOVW R26,R28
                 	SUBI R26,LOW(-@0)
                 	SBCI R27,HIGH(-@0)
                 	ST   X+,R30
                 	ST   X+,R31
                 	ST   X+,R22
                 	ST   X,R23
                 	.ENDM
                 
                 	.MACRO __CLRW1SX
                 	MOVW R26,R28
                 	SUBI R26,LOW(-@0)
                 	SBCI R27,HIGH(-@0)
                 	ST   X+,R30
                 	ST   X,R30
                 	.ENDM
                 
                 	.MACRO __CLRD1SX
                 	MOVW R26,R28
                 	SUBI R26,LOW(-@0)
                 	SBCI R27,HIGH(-@0)
                 	ST   X+,R30
                 	ST   X+,R30
                 	ST   X+,R30
                 	ST   X,R30
                 	.ENDM
                 
                 	.MACRO __PUTB2SX
                 	MOVW R30,R28
                 	SUBI R30,LOW(-@0)
                 	SBCI R31,HIGH(-@0)
                 	ST   Z,R26
                 	.ENDM
                 
                 	.MACRO __PUTW2SX
                 	MOVW R30,R28
                 	SUBI R30,LOW(-@0)
                 	SBCI R31,HIGH(-@0)
                 	ST   Z+,R26
                 	ST   Z,R27
                 	.ENDM
                 
                 	.MACRO __PUTD2SX
                 	MOVW R30,R28
                 	SUBI R30,LOW(-@0)
                 	SBCI R31,HIGH(-@0)
                 	ST   Z+,R26
                 	ST   Z+,R27
                 	ST   Z+,R24
                 	ST   Z,R25
                 	.ENDM
                 
                 	.MACRO __PUTBSRX
                 	MOVW R30,R28
                 	SUBI R30,LOW(-@1)
                 	SBCI R31,HIGH(-@1)
                 	ST   Z,R@0
                 	.ENDM
                 
                 	.MACRO __PUTWSRX
                 	MOVW R30,R28
                 	SUBI R30,LOW(-@2)
                 	SBCI R31,HIGH(-@2)
                 	ST   Z+,R@0
                 	ST   Z,R@1
                 	.ENDM
                 
                 	.MACRO __PUTB1SNX
                 	MOVW R26,R28
                 	SUBI R26,LOW(-@0)
                 	SBCI R27,HIGH(-@0)
                 	LD   R0,X+
                 	LD   R27,X
                 	MOV  R26,R0
                 	SUBI R26,LOW(-@1)
                 	SBCI R27,HIGH(-@1)
                 	ST   X,R30
                 	.ENDM
                 
                 	.MACRO __PUTW1SNX
                 	MOVW R26,R28
                 	SUBI R26,LOW(-@0)
                 	SBCI R27,HIGH(-@0)
                 	LD   R0,X+
                 	LD   R27,X
                 	MOV  R26,R0
                 	SUBI R26,LOW(-@1)
                 	SBCI R27,HIGH(-@1)
                 	ST   X+,R30
                 	ST   X,R31
                 	.ENDM
                 
                 	.MACRO __PUTD1SNX
                 	MOVW R26,R28
                 	SUBI R26,LOW(-@0)
                 	SBCI R27,HIGH(-@0)
                 	LD   R0,X+
                 	LD   R27,X
                 	MOV  R26,R0
                 	SUBI R26,LOW(-@1)
                 	SBCI R27,HIGH(-@1)
                 	ST   X+,R30
                 	ST   X+,R31
                 	ST   X+,R22
                 	ST   X,R23
                 	.ENDM
                 
                 	.MACRO __MULBRR
                 	MULS R@0,R@1
                 	MOVW R30,R0
                 	.ENDM
                 
                 	.MACRO __MULBRRU
                 	MUL  R@0,R@1
                 	MOVW R30,R0
                 	.ENDM
                 
                 	.MACRO __MULBRR0
                 	MULS R@0,R@1
                 	.ENDM
                 
                 	.MACRO __MULBRRU0
                 	MUL  R@0,R@1
                 	.ENDM
                 
                 	.MACRO __MULBNWRU
                 	LDI  R26,@2
                 	MUL  R26,R@0
                 	MOVW R30,R0
                 	MUL  R26,R@1
                 	ADD  R31,R0
                 	.ENDM
                 
                 ;NAME DEFINITIONS FOR GLOBAL VARIABLES ALLOCATED TO REGISTERS
                 	.DEF _i=R4
                 	.DEF _i_msb=R5
                 	.DEF __lcd_x=R6
                 	.DEF __lcd_y=R9
                 	.DEF __lcd_maxx=R8
                 
                 	.CSEG
                 	.ORG 0x00
                 
                 ;START OF CODE MARKER
                 __START_OF_CODE:
                 
                 ;INTERRUPT VECTORS
000000 940c 00a8 	JMP  __RESET
000002 940c 0000 	JMP  0x00
000004 940c 0000 	JMP  0x00
000006 940c 0000 	JMP  0x00
000008 940c 0000 	JMP  0x00
00000a 940c 0000 	JMP  0x00
00000c 940c 0000 	JMP  0x00
00000e 940c 0000 	JMP  0x00
000010 940c 0000 	JMP  0x00
000012 940c 0000 	JMP  0x00
000014 940c 0000 	JMP  0x00
000016 940c 0000 	JMP  0x00
000018 940c 0000 	JMP  0x00
00001a 940c 0000 	JMP  0x00
00001c 940c 0000 	JMP  0x00
00001e 940c 0000 	JMP  0x00
000020 940c 0000 	JMP  0x00
000022 940c 0000 	JMP  0x00
000024 940c 0000 	JMP  0x00
000026 940c 0000 	JMP  0x00
000028 940c 0000 	JMP  0x00
                 
                 _tbl10_G100:
00002a 2710
00002b 03e8
00002c 0064
00002d 000a      	.DB  0x10,0x27,0xE8,0x3,0x64,0x0,0xA,0x0
00002e 0001      	.DB  0x1,0x0
                 _tbl16_G100:
00002f 1000
000030 0100
000031 0010
000032 0001      	.DB  0x0,0x10,0x0,0x1,0x10,0x0,0x1,0x0
                 
                 _0x3:
000033 5441      	.DB  0x41,0x54
                 _0x4:
000034 5441
000035 492b
000036 5250
000037 393d      	.DB  0x41,0x54,0x2B,0x49,0x50,0x52,0x3D,0x39
000038 3036
D:\Trung\Hoc Tap\TkeDoLuong\MQ2Real\CODE3\Debug\List\tke.asm(1133): warning: .cseg .db misalignment - padding zero byte
000039 0030      	.DB  0x36,0x30,0x30
                 _0x5:
00003a 5441
00003b 5726      	.DB  0x41,0x54,0x26,0x57
                 _0x6:
00003c 5441
00003d 432b
00003e 474d
00003f 3d46      	.DB  0x41,0x54,0x2B,0x43,0x4D,0x47,0x46,0x3D
D:\Trung\Hoc Tap\TkeDoLuong\MQ2Real\CODE3\Debug\List\tke.asm(1138): warning: .cseg .db misalignment - padding zero byte
000040 0031      	.DB  0x31
                 _0x7:
000041 5441
000042 432b
000043 474d
000044 3d53      	.DB  0x41,0x54,0x2B,0x43,0x4D,0x47,0x53,0x3D
000045 2b22
000046 3438
000047 3339
000048 3236      	.DB  0x22,0x2B,0x38,0x34,0x39,0x33,0x36,0x32
000049 3033
00004a 3638
00004b 2231      	.DB  0x33,0x30,0x38,0x36,0x31,0x22
                 _0x8:
00004c 6157
00004d 6e72
00004e 6e69
00004f 2067      	.DB  0x57,0x61,0x72,0x6E,0x69,0x6E,0x67,0x20
000050 6f6d
000051 6576      	.DB  0x6D,0x6F,0x76,0x65
                 _0x0:
000052 4f4c
000053 4441
000054 4e49
000055 2047      	.DB  0x4C,0x4F,0x41,0x44,0x49,0x4E,0x47,0x20
000056 4953
000057 2e4d
000058 2e2e
000059 2000      	.DB  0x53,0x49,0x4D,0x2E,0x2E,0x2E,0x0,0x20
00005a 4854
00005b 414f
00005c 2054
00005d 4948      	.DB  0x54,0x48,0x4F,0x41,0x54,0x20,0x48,0x49
00005e 4d45
00005f 4e20
000060 4147
000061 0059      	.DB  0x45,0x4D,0x20,0x4E,0x47,0x41,0x59,0x0
000062 4850
000063 5441
000064 4820
000065 4549      	.DB  0x50,0x48,0x41,0x54,0x20,0x48,0x49,0x45
000066 204e
000067 554c
000068 0041
000069 4f43      	.DB  0x4E,0x20,0x4C,0x55,0x41,0x0,0x43,0x4F
00006a 4320
00006b 4148
00006c 2059
00006d 4f52      	.DB  0x20,0x43,0x48,0x41,0x59,0x20,0x52,0x4F
00006e 0049
00006f 4850
000070 5441
000071 4820      	.DB  0x49,0x0,0x50,0x48,0x41,0x54,0x20,0x48
000072 4549
000073 004e
000074 484b
000075 2049      	.DB  0x49,0x45,0x4E,0x0,0x4B,0x48,0x49,0x20
000076 4147
000077 4100
000078 204e
000079 4f54      	.DB  0x47,0x41,0x0,0x41,0x4E,0x20,0x54,0x4F
00007a 4e41
D:\Trung\Hoc Tap\TkeDoLuong\MQ2Real\CODE3\Debug\List\tke.asm(1157): warning: .cseg .db misalignment - padding zero byte
00007b 0000      	.DB  0x41,0x4E,0x0
                 _0x2020003:
00007c c080      	.DB  0x80,0xC0
                 
                 __GLOBAL_INI_TBL:
00007d 0002      	.DW  0x02
00007e 02b3      	.DW  _cmd_1
00007f 0066      	.DW  _0x3*2
                 
000080 000b      	.DW  0x0B
000081 02b6      	.DW  _cmd_baud
000082 0068      	.DW  _0x4*2
                 
000083 0004      	.DW  0x04
000084 02c2      	.DW  _cmd_setup
000085 0074      	.DW  _0x5*2
                 
000086 0009      	.DW  0x09
000087 02c7      	.DW  _cmd_2
000088 0078      	.DW  _0x6*2
                 
000089 0016      	.DW  0x16
00008a 02d1      	.DW  _cmd_3
00008b 0082      	.DW  _0x7*2
                 
00008c 000c      	.DW  0x0C
00008d 02e8      	.DW  _cmd_8
00008e 0098      	.DW  _0x8*2
                 
00008f 000f      	.DW  0x0F
000090 0260      	.DW  _0x1B
000091 00a4      	.DW  _0x0*2
                 
000092 0011      	.DW  0x11
000093 026f      	.DW  _0x1B+15
000094 00b3      	.DW  _0x0*2+15
                 
000095 000e      	.DW  0x0E
000096 0280      	.DW  _0x1B+32
000097 00c4      	.DW  _0x0*2+32
                 
000098 000c      	.DW  0x0C
000099 028e      	.DW  _0x1B+46
00009a 00d2      	.DW  _0x0*2+46
                 
00009b 000a      	.DW  0x0A
00009c 029a      	.DW  _0x1B+58
00009d 00de      	.DW  _0x0*2+58
                 
00009e 0007      	.DW  0x07
00009f 02a4      	.DW  _0x1B+68
0000a0 00e8      	.DW  _0x0*2+68
                 
0000a1 0008      	.DW  0x08
0000a2 02ab      	.DW  _0x1B+75
0000a3 00ef      	.DW  _0x0*2+75
                 
0000a4 0002      	.DW  0x02
0000a5 02f5      	.DW  __base_y_G101
0000a6 00f8      	.DW  _0x2020003*2
                 
                 _0xFFFFFFFF:
0000a7 0000      	.DW  0
                 
                 #define __GLOBAL_INI_TBL_PRESENT 1
                 
                 __RESET:
0000a8 94f8      	CLI
0000a9 27ee      	CLR  R30
0000aa bbec      	OUT  EECR,R30
                 
                 ;INTERRUPT VECTORS ARE PLACED
                 ;AT THE START OF FLASH
0000ab e0f1      	LDI  R31,1
0000ac bffb      	OUT  GICR,R31
0000ad bfeb      	OUT  GICR,R30
0000ae bfe5      	OUT  MCUCR,R30
                 
                 ;CLEAR R2-R14
0000af e08d      	LDI  R24,(14-2)+1
0000b0 e0a2      	LDI  R26,2
0000b1 27bb      	CLR  R27
                 __CLEAR_REG:
0000b2 93ed      	ST   X+,R30
0000b3 958a      	DEC  R24
0000b4 f7e9      	BRNE __CLEAR_REG
                 
                 ;CLEAR SRAM
0000b5 e080      	LDI  R24,LOW(__CLEAR_SRAM_SIZE)
0000b6 e098      	LDI  R25,HIGH(__CLEAR_SRAM_SIZE)
0000b7 e6a0      	LDI  R26,__SRAM_START
                 __CLEAR_SRAM:
0000b8 93ed      	ST   X+,R30
0000b9 9701      	SBIW R24,1
0000ba f7e9      	BRNE __CLEAR_SRAM
                 
                 ;GLOBAL VARIABLES INITIALIZATION
0000bb efea      	LDI  R30,LOW(__GLOBAL_INI_TBL*2)
0000bc e0f0      	LDI  R31,HIGH(__GLOBAL_INI_TBL*2)
                 __GLOBAL_INI_NEXT:
0000bd 9185      	LPM  R24,Z+
0000be 9195      	LPM  R25,Z+
0000bf 9700      	SBIW R24,0
0000c0 f061      	BREQ __GLOBAL_INI_END
0000c1 91a5      	LPM  R26,Z+
0000c2 91b5      	LPM  R27,Z+
0000c3 9005      	LPM  R0,Z+
0000c4 9015      	LPM  R1,Z+
0000c5 01bf      	MOVW R22,R30
0000c6 01f0      	MOVW R30,R0
                 __GLOBAL_INI_LOOP:
0000c7 9005      	LPM  R0,Z+
0000c8 920d      	ST   X+,R0
0000c9 9701      	SBIW R24,1
0000ca f7e1      	BRNE __GLOBAL_INI_LOOP
0000cb 01fb      	MOVW R30,R22
0000cc cff0      	RJMP __GLOBAL_INI_NEXT
                 __GLOBAL_INI_END:
                 
                 ;HARDWARE STACK POINTER INITIALIZATION
0000cd e5ef      	LDI  R30,LOW(__SRAM_END-__HEAP_SIZE)
0000ce bfed      	OUT  SPL,R30
0000cf e0e8      	LDI  R30,HIGH(__SRAM_END-__HEAP_SIZE)
0000d0 bfee      	OUT  SPH,R30
                 
                 ;DATA STACK POINTER INITIALIZATION
0000d1 e6c0      	LDI  R28,LOW(__SRAM_START+__DSTACK_SIZE)
0000d2 e0d2      	LDI  R29,HIGH(__SRAM_START+__DSTACK_SIZE)
                 
0000d3 940c 0137 	JMP  _main
                 
                 	.ESEG
                 	.ORG 0
                 
                 	.DSEG
                 	.ORG 0x260
                 
                 	.CSEG
                 ;/*******************************************************
                 ;This program was created by the
                 ;CodeWizardAVR V3.12 Advanced
                 ;Automatic Program Generator
                 ;© Copyright 1998-2014 Pavel Haiduc, HP InfoTech s.r.l.
                 ;http://www.hpinfotech.com
                 ;
                 ;Project :
                 ;Version :
                 ;Date    : 10/20/2022
                 ;Author  :
                 ;Company :
                 ;Comments:
                 ;
                 ;
                 ;Chip type               : ATmega32L
                 ;Program type            : Application
                 ;AVR Core Clock frequency: 8.000000 MHz
                 ;Memory model            : Small
                 ;External RAM size       : 0
                 ;Data Stack size         : 512
                 ;*******************************************************/
                 ;
                 ;#include <main.h>
                 	#ifndef __SLEEP_DEFINED__
                 	#define __SLEEP_DEFINED__
                 	.EQU __se_bit=0x80
                 	.EQU __sm_mask=0x70
                 	.EQU __sm_powerdown=0x20
                 	.EQU __sm_powersave=0x30
                 	.EQU __sm_standby=0x60
                 	.EQU __sm_ext_standby=0x70
                 	.EQU __sm_adc_noise_red=0x10
                 	.SET power_ctrl_reg=mcucr
                 	#endif
                 ;#include <simcom.h>
                 ;// Declare your global variables here
                 ;unsigned int i;
                 ;unsigned char cmd_1[] = {"AT"};                              // trang thai sim
                 
                 	.DSEG
                 ;unsigned char cmd_baud[] = {"AT+IPR=9600"};
                 ;unsigned char cmd_setup[] = {"AT&W"};
                 ;unsigned char cmd_2[] = {"AT+CMGF=1"};                       // tin nhan text
                 ;unsigned char cmd_3[] = {"AT+CMGS=\"+84936230861\""};        // sdt gui tin nhan
                 ;unsigned char cmd_8[] = {"Warning move"};
                 ;// Standard Input/Output functions
                 ;void sim_status()
                 ; 0000 0018 {
                 
                 	.CSEG
                 _sim_status:
                 ; .FSTART _sim_status
                 ;    //send AT
                 ;    for(i=0;cmd_1[i]!='';i++)
0000d5 2444      	CLR  R4
0000d6 2455      	CLR  R5
                 _0xA:
0000d7 eba3      	LDI  R26,LOW(_cmd_1)
0000d8 e0b2      	LDI  R27,HIGH(_cmd_1)
0000d9 940e 0272 	CALL SUBOPT_0x0
0000db f039      	BREQ _0xB
                 ;    {
                 ;        UDR = cmd_1[i];
0000dc eba3      	LDI  R26,LOW(_cmd_1)
0000dd e0b2      	LDI  R27,HIGH(_cmd_1)
0000de 940e 0277 	CALL SUBOPT_0x1
                 ;        delay_ms(100);
                 ;    }
0000e0 940e 027f 	CALL SUBOPT_0x2
0000e2 cff4      	RJMP _0xA
                 _0xB:
                 ;    UDR = ('\r');
0000e3 940e 0284 	CALL SUBOPT_0x3
                 ;    delay_ms(300);
                 ;    // baud
                 ;    for(i=0;cmd_baud[i]!='';i++)
                 _0xD:
0000e5 eba6      	LDI  R26,LOW(_cmd_baud)
0000e6 e0b2      	LDI  R27,HIGH(_cmd_baud)
0000e7 940e 0272 	CALL SUBOPT_0x0
0000e9 f039      	BREQ _0xE
                 ;    {
                 ;        UDR = cmd_baud[i];
0000ea eba6      	LDI  R26,LOW(_cmd_baud)
0000eb e0b2      	LDI  R27,HIGH(_cmd_baud)
0000ec 940e 0277 	CALL SUBOPT_0x1
                 ;        delay_ms(100);
                 ;    }
0000ee 940e 027f 	CALL SUBOPT_0x2
0000f0 cff4      	RJMP _0xD
                 _0xE:
                 ;    UDR = ('\r');
0000f1 940e 0284 	CALL SUBOPT_0x3
                 ;    delay_ms(300);
                 ;    //setup
                 ;    for(i=0;cmd_setup[i]!='';i++)
                 _0x10:
0000f3 eca2      	LDI  R26,LOW(_cmd_setup)
0000f4 e0b2      	LDI  R27,HIGH(_cmd_setup)
0000f5 940e 0272 	CALL SUBOPT_0x0
0000f7 f039      	BREQ _0x11
                 ;    {
                 ;        UDR = cmd_setup[i];
0000f8 eca2      	LDI  R26,LOW(_cmd_setup)
0000f9 e0b2      	LDI  R27,HIGH(_cmd_setup)
0000fa 940e 0277 	CALL SUBOPT_0x1
                 ;        delay_ms(100);
                 ;    }
0000fc 940e 027f 	CALL SUBOPT_0x2
0000fe cff4      	RJMP _0x10
                 _0x11:
                 ;    UDR = ('\r');
0000ff e0ed      	LDI  R30,LOW(13)
000100 b9ec      	OUT  0xC,R30
                 ;    delay_ms(300);
000101 e2ac      	LDI  R26,LOW(300)
000102 e0b1      	LDI  R27,HIGH(300)
000103 c030      	RJMP _0x2080002
                 ;}
                 ; .FEND
                 ;void sim_sendmess()
                 ;{
                 _sim_sendmess:
                 ; .FSTART _sim_sendmess
                 ;    // send messenger
                 ;    for(i=0;cmd_2[i]!='';i++)
000104 2444      	CLR  R4
000105 2455      	CLR  R5
                 _0x13:
000106 eca7      	LDI  R26,LOW(_cmd_2)
000107 e0b2      	LDI  R27,HIGH(_cmd_2)
000108 940e 0272 	CALL SUBOPT_0x0
00010a f039      	BREQ _0x14
                 ;    {
                 ;        UDR = cmd_2[i];
00010b eca7      	LDI  R26,LOW(_cmd_2)
00010c e0b2      	LDI  R27,HIGH(_cmd_2)
00010d 940e 0277 	CALL SUBOPT_0x1
                 ;        delay_ms(100);
                 ;    }
00010f 940e 027f 	CALL SUBOPT_0x2
000111 cff4      	RJMP _0x13
                 _0x14:
                 ;    UDR = ('\r');
000112 940e 028d 	CALL SUBOPT_0x4
                 ;    delay_ms(500);
                 ;    // phone number
                 ;    for(i=0;cmd_3[i]!='';i++)
                 _0x16:
000114 eda1      	LDI  R26,LOW(_cmd_3)
000115 e0b2      	LDI  R27,HIGH(_cmd_3)
000116 940e 0272 	CALL SUBOPT_0x0
000118 f039      	BREQ _0x17
                 ;    {
                 ;        UDR = cmd_3[i];
000119 eda1      	LDI  R26,LOW(_cmd_3)
00011a e0b2      	LDI  R27,HIGH(_cmd_3)
00011b 940e 0277 	CALL SUBOPT_0x1
                 ;        delay_ms(100);
                 ;    }
00011d 940e 027f 	CALL SUBOPT_0x2
00011f cff4      	RJMP _0x16
                 _0x17:
                 ;    UDR = ('\r');
000120 940e 028d 	CALL SUBOPT_0x4
                 ;    delay_ms(500);
                 ;    // canh bao chay
                 ;    for(i=0;cmd_8[i]!='';i++)
                 _0x19:
000122 eea8      	LDI  R26,LOW(_cmd_8)
000123 e0b2      	LDI  R27,HIGH(_cmd_8)
000124 940e 0272 	CALL SUBOPT_0x0
000126 f039      	BREQ _0x1A
                 ;    {
                 ;        UDR = cmd_8[i];
000127 eea8      	LDI  R26,LOW(_cmd_8)
000128 e0b2      	LDI  R27,HIGH(_cmd_8)
000129 940e 0277 	CALL SUBOPT_0x1
                 ;        delay_ms(100);
                 ;    }
00012b 940e 027f 	CALL SUBOPT_0x2
00012d cff4      	RJMP _0x19
                 _0x1A:
                 ;    UDR = ('\r');
00012e e0ed      	LDI  R30,LOW(13)
00012f b9ec      	OUT  0xC,R30
                 ;    UDR = (26);
000130 e1ea      	LDI  R30,LOW(26)
000131 b9ec      	OUT  0xC,R30
                 ;    delay_ms(1000);
000132 eea8      	LDI  R26,LOW(1000)
000133 e0b3      	LDI  R27,HIGH(1000)
                 _0x2080002:
000134 940e 02a4 	CALL _delay_ms
                 ;}
000136 9508      	RET
                 ; .FEND
                 ;
                 ;void main(void)
                 ; 0000 001B {
                 _main:
                 ; .FSTART _main
                 ; 0000 001C // Declare your local variables here
                 ; 0000 001D 
                 ; 0000 001E // Input/Output Ports initialization
                 ; 0000 001F // Port A initialization
                 ; 0000 0020 // Function: Bit7=In Bit6=In Bit5=In Bit4=In Bit3=In Bit2=In Bit1=In Bit0=In
                 ; 0000 0021 DDRA=(0<<DDA7) | (0<<DDA6) | (0<<DDA5) | (0<<DDA4) | (0<<DDA3) | (0<<DDA2) | (0<<DDA1) | (0<<DDA0);
000137 e0e0      	LDI  R30,LOW(0)
000138 bbea      	OUT  0x1A,R30
                 ; 0000 0022 // State: Bit7=T Bit6=T Bit5=T Bit4=T Bit3=T Bit2=P Bit1=P Bit0=P
                 ; 0000 0023 PORTA=(0<<PORTA7) | (0<<PORTA6) | (0<<PORTA5) | (0<<PORTA4) | (0<<PORTA3) | (1<<PORTA2) | (1<<PORTA1) | (1<<PORTA0);
000139 e0e7      	LDI  R30,LOW(7)
00013a bbeb      	OUT  0x1B,R30
                 ; 0000 0024 
                 ; 0000 0025 // Port B initialization
                 ; 0000 0026 // Function: Bit7=In Bit6=In Bit5=In Bit4=In Bit3=In Bit2=In Bit1=In Bit0=In
                 ; 0000 0027 DDRB=(0<<DDB7) | (0<<DDB6) | (0<<DDB5) | (0<<DDB4) | (0<<DDB3) | (0<<DDB2) | (0<<DDB1) | (0<<DDB0);
00013b e0e0      	LDI  R30,LOW(0)
00013c bbe7      	OUT  0x17,R30
                 ; 0000 0028 // State: Bit7=T Bit6=T Bit5=T Bit4=T Bit3=T Bit2=T Bit1=T Bit0=T
                 ; 0000 0029 PORTB=(0<<PORTB7) | (0<<PORTB6) | (0<<PORTB5) | (0<<PORTB4) | (0<<PORTB3) | (0<<PORTB2) | (0<<PORTB1) | (0<<PORTB0);
00013d bbe8      	OUT  0x18,R30
                 ; 0000 002A 
                 ; 0000 002B // Port C initialization
                 ; 0000 002C // Function: Bit7=In Bit6=Out Bit5=In Bit4=In Bit3=In Bit2=In Bit1=In Bit0=In
                 ; 0000 002D DDRC=(0<<DDC7) | (1<<DDC6) | (0<<DDC5) | (0<<DDC4) | (0<<DDC3) | (0<<DDC2) | (0<<DDC1) | (0<<DDC0);
00013e e4e0      	LDI  R30,LOW(64)
00013f bbe4      	OUT  0x14,R30
                 ; 0000 002E // State: Bit7=T Bit6=0 Bit5=T Bit4=T Bit3=T Bit2=T Bit1=T Bit0=T
                 ; 0000 002F PORTC=(0<<PORTC7) | (0<<PORTC6) | (0<<PORTC5) | (0<<PORTC4) | (0<<PORTC3) | (0<<PORTC2) | (0<<PORTC1) | (0<<PORTC0);
000140 e0e0      	LDI  R30,LOW(0)
000141 bbe5      	OUT  0x15,R30
                 ; 0000 0030 
                 ; 0000 0031 // Port D initialization
                 ; 0000 0032 // Function: Bit7=In Bit6=In Bit5=In Bit4=In Bit3=In Bit2=In Bit1=In Bit0=In
                 ; 0000 0033 DDRD=(0<<DDD7) | (0<<DDD6) | (0<<DDD5) | (0<<DDD4) | (0<<DDD3) | (0<<DDD2) | (0<<DDD1) | (0<<DDD0);
000142 bbe1      	OUT  0x11,R30
                 ; 0000 0034 // State: Bit7=T Bit6=T Bit5=T Bit4=T Bit3=T Bit2=T Bit1=T Bit0=T
                 ; 0000 0035 PORTD=(0<<PORTD7) | (0<<PORTD6) | (0<<PORTD5) | (0<<PORTD4) | (0<<PORTD3) | (0<<PORTD2) | (0<<PORTD1) | (0<<PORTD0);
000143 bbe2      	OUT  0x12,R30
                 ; 0000 0036 
                 ; 0000 0037 // Timer/Counter 0 initialization
                 ; 0000 0038 // Clock source: System Clock
                 ; 0000 0039 // Clock value: Timer 0 Stopped
                 ; 0000 003A // Mode: Normal top=0xFF
                 ; 0000 003B // OC0 output: Disconnected
                 ; 0000 003C TCCR0=(0<<WGM00) | (0<<COM01) | (0<<COM00) | (0<<WGM01) | (0<<CS02) | (0<<CS01) | (0<<CS00);
000144 bfe3      	OUT  0x33,R30
                 ; 0000 003D TCNT0=0x00;
000145 bfe2      	OUT  0x32,R30
                 ; 0000 003E OCR0=0x00;
000146 bfec      	OUT  0x3C,R30
                 ; 0000 003F 
                 ; 0000 0040 // Timer/Counter 1 initialization
                 ; 0000 0041 // Clock source: System Clock
                 ; 0000 0042 // Clock value: Timer1 Stopped
                 ; 0000 0043 // Mode: Normal top=0xFFFF
                 ; 0000 0044 // OC1A output: Disconnected
                 ; 0000 0045 // OC1B output: Disconnected
                 ; 0000 0046 // Noise Canceler: Off
                 ; 0000 0047 // Input Capture on Falling Edge
                 ; 0000 0048 // Timer1 Overflow Interrupt: Off
                 ; 0000 0049 // Input Capture Interrupt: Off
                 ; 0000 004A // Compare A Match Interrupt: Off
                 ; 0000 004B // Compare B Match Interrupt: Off
                 ; 0000 004C TCCR1A=(0<<COM1A1) | (0<<COM1A0) | (0<<COM1B1) | (0<<COM1B0) | (0<<WGM11) | (0<<WGM10);
000147 bdef      	OUT  0x2F,R30
                 ; 0000 004D TCCR1B=(0<<ICNC1) | (0<<ICES1) | (0<<WGM13) | (0<<WGM12) | (0<<CS12) | (0<<CS11) | (0<<CS10);
000148 bdee      	OUT  0x2E,R30
                 ; 0000 004E TCNT1H=0x00;
000149 bded      	OUT  0x2D,R30
                 ; 0000 004F TCNT1L=0x00;
00014a bdec      	OUT  0x2C,R30
                 ; 0000 0050 ICR1H=0x00;
00014b bde7      	OUT  0x27,R30
                 ; 0000 0051 ICR1L=0x00;
00014c bde6      	OUT  0x26,R30
                 ; 0000 0052 OCR1AH=0x00;
00014d bdeb      	OUT  0x2B,R30
                 ; 0000 0053 OCR1AL=0x00;
00014e bdea      	OUT  0x2A,R30
                 ; 0000 0054 OCR1BH=0x00;
00014f bde9      	OUT  0x29,R30
                 ; 0000 0055 OCR1BL=0x00;
000150 bde8      	OUT  0x28,R30
                 ; 0000 0056 
                 ; 0000 0057 // Timer/Counter 2 initialization
                 ; 0000 0058 // Clock source: System Clock
                 ; 0000 0059 // Clock value: Timer2 Stopped
                 ; 0000 005A // Mode: Normal top=0xFF
                 ; 0000 005B // OC2 output: Disconnected
                 ; 0000 005C ASSR=0<<AS2;
000151 bde2      	OUT  0x22,R30
                 ; 0000 005D TCCR2=(0<<PWM2) | (0<<COM21) | (0<<COM20) | (0<<CTC2) | (0<<CS22) | (0<<CS21) | (0<<CS20);
000152 bde5      	OUT  0x25,R30
                 ; 0000 005E TCNT2=0x00;
000153 bde4      	OUT  0x24,R30
                 ; 0000 005F OCR2=0x00;
000154 bde3      	OUT  0x23,R30
                 ; 0000 0060 
                 ; 0000 0061 // Timer(s)/Counter(s) Interrupt(s) initialization
                 ; 0000 0062 TIMSK=(0<<OCIE2) | (0<<TOIE2) | (0<<TICIE1) | (0<<OCIE1A) | (0<<OCIE1B) | (0<<TOIE1) | (0<<OCIE0) | (0<<TOIE0);
000155 bfe9      	OUT  0x39,R30
                 ; 0000 0063 
                 ; 0000 0064 // External Interrupt(s) initialization
                 ; 0000 0065 // INT0: Off
                 ; 0000 0066 // INT1: Off
                 ; 0000 0067 // INT2: Off
                 ; 0000 0068 MCUCR=(0<<ISC11) | (0<<ISC10) | (0<<ISC01) | (0<<ISC00);
000156 bfe5      	OUT  0x35,R30
                 ; 0000 0069 MCUCSR=(0<<ISC2);
000157 bfe4      	OUT  0x34,R30
                 ; 0000 006A 
                 ; 0000 006B // USART initialization
                 ; 0000 006C // Communication Parameters: 8 Data, 1 Stop, No Parity
                 ; 0000 006D // USART Receiver: On
                 ; 0000 006E // USART Transmitter: On
                 ; 0000 006F // USART Mode: Asynchronous
                 ; 0000 0070 // USART Baud Rate: 9600
                 ; 0000 0071 UCSRA=(0<<RXC) | (0<<TXC) | (0<<UDRE) | (0<<FE) | (0<<DOR) | (0<<UPE) | (0<<U2X) | (0<<MPCM);
000158 b9eb      	OUT  0xB,R30
                 ; 0000 0072 UCSRB=(0<<RXCIE) | (0<<TXCIE) | (0<<UDRIE) | (1<<RXEN) | (1<<TXEN) | (0<<UCSZ2) | (0<<RXB8) | (0<<TXB8);
000159 e1e8      	LDI  R30,LOW(24)
00015a b9ea      	OUT  0xA,R30
                 ; 0000 0073 UCSRC=(1<<URSEL) | (0<<UMSEL) | (0<<UPM1) | (0<<UPM0) | (0<<USBS) | (1<<UCSZ1) | (1<<UCSZ0) | (0<<UCPOL);
00015b e8e6      	LDI  R30,LOW(134)
00015c bde0      	OUT  0x20,R30
                 ; 0000 0074 UBRRH=0x00;
00015d e0e0      	LDI  R30,LOW(0)
00015e bde0      	OUT  0x20,R30
                 ; 0000 0075 UBRRL=0x33;
00015f e3e3      	LDI  R30,LOW(51)
000160 b9e9      	OUT  0x9,R30
                 ; 0000 0076 
                 ; 0000 0077 // Analog Comparator initialization
                 ; 0000 0078 // Analog Comparator: Off
                 ; 0000 0079 // The Analog Comparator's positive input is
                 ; 0000 007A // connected to the AIN0 pin
                 ; 0000 007B // The Analog Comparator's negative input is
                 ; 0000 007C // connected to the AIN1 pin
                 ; 0000 007D ACSR=(1<<ACD) | (0<<ACBG) | (0<<ACO) | (0<<ACI) | (0<<ACIE) | (0<<ACIC) | (0<<ACIS1) | (0<<ACIS0);
000161 e8e0      	LDI  R30,LOW(128)
000162 b9e8      	OUT  0x8,R30
                 ; 0000 007E SFIOR=(0<<ACME);
000163 e0e0      	LDI  R30,LOW(0)
000164 bfe0      	OUT  0x30,R30
                 ; 0000 007F 
                 ; 0000 0080 // ADC initialization
                 ; 0000 0081 // ADC disabled
                 ; 0000 0082 ADCSRA=(0<<ADEN) | (0<<ADSC) | (0<<ADATE) | (0<<ADIF) | (0<<ADIE) | (0<<ADPS2) | (0<<ADPS1) | (0<<ADPS0);
000165 b9e6      	OUT  0x6,R30
                 ; 0000 0083 
                 ; 0000 0084 // SPI initialization
                 ; 0000 0085 // SPI disabled
                 ; 0000 0086 SPCR=(0<<SPIE) | (0<<SPE) | (0<<DORD) | (0<<MSTR) | (0<<CPOL) | (0<<CPHA) | (0<<SPR1) | (0<<SPR0);
000166 b9ed      	OUT  0xD,R30
                 ; 0000 0087 
                 ; 0000 0088 // TWI initialization
                 ; 0000 0089 // TWI disabled
                 ; 0000 008A TWCR=(0<<TWEA) | (0<<TWSTA) | (0<<TWSTO) | (0<<TWEN) | (0<<TWIE);
000167 bfe6      	OUT  0x36,R30
                 ; 0000 008B 
                 ; 0000 008C // Alphanumeric LCD initialization
                 ; 0000 008D // Connections are specified in the
                 ; 0000 008E // Project|Configure|C Compiler|Libraries|Alphanumeric LCD menu:
                 ; 0000 008F // RS - PORTA Bit 5
                 ; 0000 0090 // RD - PORTA Bit 6
                 ; 0000 0091 // EN - PORTA Bit 7
                 ; 0000 0092 // D4 - PORTC Bit 0
                 ; 0000 0093 // D5 - PORTC Bit 1
                 ; 0000 0094 // D6 - PORTC Bit 2
                 ; 0000 0095 // D7 - PORTC Bit 3
                 ; 0000 0096 // Characters/line: 16
                 ; 0000 0097 lcd_init(16);
000168 e1a0      	LDI  R26,LOW(16)
000169 940e 0244 	CALL _lcd_init
                 ; 0000 0098 lcd_puts("LOADING SIM...");
                +
00016b e6a0     +LDI R26 , LOW ( _0x1B + ( 0 ) )
00016c e0b2     +LDI R27 , HIGH ( _0x1B + ( 0 ) )
                 	__POINTW2MN _0x1B,0
00016d 940e 0233 	CALL _lcd_puts
                 ; 0000 0099 delay_ms(15000);
00016f e9a8      	LDI  R26,LOW(15000)
000170 e3ba      	LDI  R27,HIGH(15000)
000171 940e 02a4 	CALL _delay_ms
                 ; 0000 009A sim_status();
000173 df61      	RCALL _sim_status
                 ; 0000 009B delay_ms(5000);
000174 e8a8      	LDI  R26,LOW(5000)
000175 e1b3      	LDI  R27,HIGH(5000)
000176 940e 02a4 	CALL _delay_ms
                 ; 0000 009C lcd_clear();
000178 940e 0212 	CALL _lcd_clear
                 ; 0000 009D 
                 ; 0000 009E while (1)
                 _0x1C:
                 ; 0000 009F       {
                 ; 0000 00A0         if (PINA.0 == 0 && PINA.1 == 0 && PINA.2 == 0)
00017a 99c8      	SBIC 0x19,0
00017b c004      	RJMP _0x20
00017c 99c9      	SBIC 0x19,1
00017d c002      	RJMP _0x20
00017e 9bca      	SBIS 0x19,2
00017f c001      	RJMP _0x21
                 _0x20:
000180 c00f      	RJMP _0x1F
                 _0x21:
                 ; 0000 00A1         {
                 ; 0000 00A2             lcd_puts(" THOAT HIEM NGAY");
                +
000181 e6af     +LDI R26 , LOW ( _0x1B + ( 15 ) )
000182 e0b2     +LDI R27 , HIGH ( _0x1B + ( 15 ) )
                 	__POINTW2MN _0x1B,15
000183 940e 0233 	CALL _lcd_puts
                 ; 0000 00A3             PORTC.6 = 1;
000185 9aae      	SBI  0x15,6
                 ; 0000 00A4             sim_sendmess();
000186 df7d      	RCALL _sim_sendmess
                 ; 0000 00A5             while (PINA.0 == 0 && PINA.1 == 0 && PINA.2 == 0){}
                 _0x24:
000187 99c8      	SBIC 0x19,0
000188 c004      	RJMP _0x27
000189 99c9      	SBIC 0x19,1
00018a c002      	RJMP _0x27
00018b 9bca      	SBIS 0x19,2
00018c c001      	RJMP _0x28
                 _0x27:
00018d c001      	RJMP _0x26
                 _0x28:
00018e cff8      	RJMP _0x24
                 _0x26:
                 ; 0000 00A6         }
                 ; 0000 00A7         else if(PINA.2 == 0)
00018f c04c      	RJMP _0x29
                 _0x1F:
000190 99ca      	SBIC 0x19,2
000191 c011      	RJMP _0x2A
                 ; 0000 00A8         {
                 ; 0000 00A9             lcd_puts("PHAT HIEN LUA");
                +
000192 e8a0     +LDI R26 , LOW ( _0x1B + ( 32 ) )
000193 e0b2     +LDI R27 , HIGH ( _0x1B + ( 32 ) )
                 	__POINTW2MN _0x1B,32
000194 940e 0233 	CALL _lcd_puts
                 ; 0000 00AA             PORTC.6 = 1;
000196 9aae      	SBI  0x15,6
                 ; 0000 00AB             while (PINA.2 == 0)
                 _0x2D:
000197 99ca      	SBIC 0x19,2
000198 c009      	RJMP _0x2F
                 ; 0000 00AC             {
                 ; 0000 00AD                 if (PINA.0 == 0 && PINA.1 == 0 && PINA.2 == 0) {break;}
000199 99c8      	SBIC 0x19,0
00019a c004      	RJMP _0x31
00019b 99c9      	SBIC 0x19,1
00019c c002      	RJMP _0x31
00019d 9bca      	SBIS 0x19,2
00019e c001      	RJMP _0x32
                 _0x31:
00019f c001      	RJMP _0x30
                 _0x32:
0001a0 c001      	RJMP _0x2F
                 ; 0000 00AE             }
                 _0x30:
0001a1 cff5      	RJMP _0x2D
                 _0x2F:
                 ; 0000 00AF         }
                 ; 0000 00B0         else if (PINA.1 == 0)
0001a2 c039      	RJMP _0x33
                 _0x2A:
0001a3 99c9      	SBIC 0x19,1
0001a4 c011      	RJMP _0x34
                 ; 0000 00B1         {
                 ; 0000 00B2             lcd_puts("CO CHAY ROI");
                +
0001a5 e8ae     +LDI R26 , LOW ( _0x1B + ( 46 ) )
0001a6 e0b2     +LDI R27 , HIGH ( _0x1B + ( 46 ) )
                 	__POINTW2MN _0x1B,46
0001a7 940e 0233 	CALL _lcd_puts
                 ; 0000 00B3             PORTC.6 = 1;
0001a9 9aae      	SBI  0x15,6
                 ; 0000 00B4             while (PINA.1 == 0){
                 _0x37:
0001aa 99c9      	SBIC 0x19,1
0001ab c009      	RJMP _0x39
                 ; 0000 00B5                 if (PINA.0 == 0 && PINA.1 == 0 && PINA.2 == 0) {break;}
0001ac 99c8      	SBIC 0x19,0
0001ad c004      	RJMP _0x3B
0001ae 99c9      	SBIC 0x19,1
0001af c002      	RJMP _0x3B
0001b0 9bca      	SBIS 0x19,2
0001b1 c001      	RJMP _0x3C
                 _0x3B:
0001b2 c001      	RJMP _0x3A
                 _0x3C:
0001b3 c001      	RJMP _0x39
                 ; 0000 00B6             }
                 _0x3A:
0001b4 cff5      	RJMP _0x37
                 _0x39:
                 ; 0000 00B7         }
                 ; 0000 00B8         else if (PINA.0 == 0)
0001b5 c026      	RJMP _0x3D
                 _0x34:
0001b6 99c8      	SBIC 0x19,0
0001b7 c01a      	RJMP _0x3E
                 ; 0000 00B9         {
                 ; 0000 00BA             lcd_puts("PHAT HIEN");
                +
0001b8 e9aa     +LDI R26 , LOW ( _0x1B + ( 58 ) )
0001b9 e0b2     +LDI R27 , HIGH ( _0x1B + ( 58 ) )
                 	__POINTW2MN _0x1B,58
0001ba 940e 0233 	CALL _lcd_puts
                 ; 0000 00BB             lcd_gotoxy(0,1);
0001bc e0e0      	LDI  R30,LOW(0)
0001bd 93ea      	ST   -Y,R30
0001be e0a1      	LDI  R26,LOW(1)
0001bf 940e 0205 	CALL _lcd_gotoxy
                 ; 0000 00BC             lcd_puts("KHI GA");
                +
0001c1 eaa4     +LDI R26 , LOW ( _0x1B + ( 68 ) )
0001c2 e0b2     +LDI R27 , HIGH ( _0x1B + ( 68 ) )
                 	__POINTW2MN _0x1B,68
0001c3 940e 0233 	CALL _lcd_puts
                 ; 0000 00BD             PORTC.6 = 1;
0001c5 9aae      	SBI  0x15,6
                 ; 0000 00BE             while (PINA.0 == 0)
                 _0x41:
0001c6 99c8      	SBIC 0x19,0
0001c7 c009      	RJMP _0x43
                 ; 0000 00BF             {
                 ; 0000 00C0                 if (PINA.0 == 0 && PINA.1 == 0 && PINA.2 == 0) {break;}
0001c8 99c8      	SBIC 0x19,0
0001c9 c004      	RJMP _0x45
0001ca 99c9      	SBIC 0x19,1
0001cb c002      	RJMP _0x45
0001cc 9bca      	SBIS 0x19,2
0001cd c001      	RJMP _0x46
                 _0x45:
0001ce c001      	RJMP _0x44
                 _0x46:
0001cf c001      	RJMP _0x43
                 ; 0000 00C1             }
                 _0x44:
0001d0 cff5      	RJMP _0x41
                 _0x43:
                 ; 0000 00C2         }
                 ; 0000 00C3         else
0001d1 c00a      	RJMP _0x47
                 _0x3E:
                 ; 0000 00C4         {
                 ; 0000 00C5             lcd_gotoxy(3,0);
0001d2 e0e3      	LDI  R30,LOW(3)
0001d3 93ea      	ST   -Y,R30
0001d4 e0a0      	LDI  R26,LOW(0)
0001d5 940e 0205 	CALL _lcd_gotoxy
                 ; 0000 00C6             lcd_puts("AN TOAN");
                +
0001d7 eaab     +LDI R26 , LOW ( _0x1B + ( 75 ) )
0001d8 e0b2     +LDI R27 , HIGH ( _0x1B + ( 75 ) )
                 	__POINTW2MN _0x1B,75
0001d9 940e 0233 	CALL _lcd_puts
                 ; 0000 00C7             PORTC.6 = 0;
0001db 98ae      	CBI  0x15,6
                 ; 0000 00C8         }
                 _0x47:
                 _0x3D:
                 _0x33:
                 _0x29:
                 ; 0000 00C9         delay_ms(1000);
0001dc eea8      	LDI  R26,LOW(1000)
0001dd e0b3      	LDI  R27,HIGH(1000)
0001de 940e 02a4 	CALL _delay_ms
                 ; 0000 00CA         lcd_clear();
0001e0 940e 0212 	CALL _lcd_clear
                 ; 0000 00CB       }
0001e2 cf97      	RJMP _0x1C
                 ; 0000 00CC }
                 _0x4A:
0001e3 cfff      	RJMP _0x4A
                 ; .FEND
                 
                 	.DSEG
                 _0x1B:
000260           	.BYTE 0x53
                 	#ifndef __SLEEP_DEFINED__
                 	#endif
                 
                 	.CSEG
                 	#ifndef __SLEEP_DEFINED__
                 	#endif
                 
                 	.DSEG
                 
                 	.CSEG
                 __lcd_write_nibble_G101:
                 ; .FSTART __lcd_write_nibble_G101
0001e4 93aa      	ST   -Y,R26
0001e5 b3e5      	IN   R30,0x15
0001e6 7fe0      	ANDI R30,LOW(0xF0)
0001e7 2fae      	MOV  R26,R30
0001e8 81e8      	LD   R30,Y
0001e9 95e2      	SWAP R30
0001ea 70ef      	ANDI R30,0xF
0001eb 2bea      	OR   R30,R26
0001ec bbe5      	OUT  0x15,R30
                +
0001ed e08d     +LDI R24 , LOW ( 13 )
                +__DELAY_USB_LOOP :
0001ee 958a     +DEC R24
0001ef f7f1     +BRNE __DELAY_USB_LOOP
                 	__DELAY_USB 13
0001f0 9adf      	SBI  0x1B,7
                +
0001f1 e08d     +LDI R24 , LOW ( 13 )
                +__DELAY_USB_LOOP :
0001f2 958a     +DEC R24
0001f3 f7f1     +BRNE __DELAY_USB_LOOP
                 	__DELAY_USB 13
0001f4 98df      	CBI  0x1B,7
                +
0001f5 e08d     +LDI R24 , LOW ( 13 )
                +__DELAY_USB_LOOP :
0001f6 958a     +DEC R24
0001f7 f7f1     +BRNE __DELAY_USB_LOOP
                 	__DELAY_USB 13
0001f8 c077      	RJMP _0x2080001
                 ; .FEND
                 __lcd_write_data:
                 ; .FSTART __lcd_write_data
0001f9 93aa      	ST   -Y,R26
0001fa 81a8      	LD   R26,Y
0001fb dfe8      	RCALL __lcd_write_nibble_G101
0001fc 81e8          ld    r30,y
0001fd 95e2          swap  r30
0001fe 83e8          st    y,r30
0001ff 81a8      	LD   R26,Y
000200 dfe3      	RCALL __lcd_write_nibble_G101
                +
000201 e885     +LDI R24 , LOW ( 133 )
                +__DELAY_USB_LOOP :
000202 958a     +DEC R24
000203 f7f1     +BRNE __DELAY_USB_LOOP
                 	__DELAY_USB 133
000204 c06b      	RJMP _0x2080001
                 ; .FEND
                 _lcd_gotoxy:
                 ; .FSTART _lcd_gotoxy
000205 93aa      	ST   -Y,R26
000206 81e8      	LD   R30,Y
000207 e0f0      	LDI  R31,0
000208 50eb      	SUBI R30,LOW(-__base_y_G101)
000209 4ffd      	SBCI R31,HIGH(-__base_y_G101)
00020a 81e0      	LD   R30,Z
00020b 81a9      	LDD  R26,Y+1
00020c 0fae      	ADD  R26,R30
00020d dfeb      	RCALL __lcd_write_data
00020e 8069      	LDD  R6,Y+1
00020f 8098      	LDD  R9,Y+0
000210 9622      	ADIW R28,2
000211 9508      	RET
                 ; .FEND
                 _lcd_clear:
                 ; .FSTART _lcd_clear
000212 e0a2      	LDI  R26,LOW(2)
000213 940e 0296 	CALL SUBOPT_0x5
000215 e0ac      	LDI  R26,LOW(12)
000216 dfe2      	RCALL __lcd_write_data
000217 e0a1      	LDI  R26,LOW(1)
000218 940e 0296 	CALL SUBOPT_0x5
00021a e0e0      	LDI  R30,LOW(0)
00021b 2e9e      	MOV  R9,R30
00021c 2e6e      	MOV  R6,R30
00021d 9508      	RET
                 ; .FEND
                 _lcd_putchar:
                 ; .FSTART _lcd_putchar
00021e 93aa      	ST   -Y,R26
00021f 81a8      	LD   R26,Y
000220 30aa      	CPI  R26,LOW(0xA)
000221 f011      	BREQ _0x2020005
000222 1468      	CP   R6,R8
000223 f048      	BRLO _0x2020004
                 _0x2020005:
000224 e0e0      	LDI  R30,LOW(0)
000225 93ea      	ST   -Y,R30
000226 9493      	INC  R9
000227 2da9      	MOV  R26,R9
000228 dfdc      	RCALL _lcd_gotoxy
000229 81a8      	LD   R26,Y
00022a 30aa      	CPI  R26,LOW(0xA)
00022b f409      	BRNE _0x2020007
00022c c043      	RJMP _0x2080001
                 _0x2020007:
                 _0x2020004:
00022d 9463      	INC  R6
00022e 9add      	SBI  0x1B,5
00022f 81a8      	LD   R26,Y
000230 dfc8      	RCALL __lcd_write_data
000231 98dd      	CBI  0x1B,5
000232 c03d      	RJMP _0x2080001
                 ; .FEND
                 _lcd_puts:
                 ; .FSTART _lcd_puts
000233 93ba      	ST   -Y,R27
000234 93aa      	ST   -Y,R26
000235 931a      	ST   -Y,R17
                 _0x2020008:
000236 81a9      	LDD  R26,Y+1
000237 81ba      	LDD  R27,Y+1+1
000238 91ed      	LD   R30,X+
000239 83a9      	STD  Y+1,R26
00023a 83ba      	STD  Y+1+1,R27
00023b 2f1e      	MOV  R17,R30
00023c 30e0      	CPI  R30,0
00023d f019      	BREQ _0x202000A
00023e 2fa1      	MOV  R26,R17
00023f dfde      	RCALL _lcd_putchar
000240 cff5      	RJMP _0x2020008
                 _0x202000A:
000241 8118      	LDD  R17,Y+0
000242 9623      	ADIW R28,3
000243 9508      	RET
                 ; .FEND
                 _lcd_init:
                 ; .FSTART _lcd_init
000244 93aa      	ST   -Y,R26
000245 b3e4      	IN   R30,0x14
000246 60ef      	ORI  R30,LOW(0xF)
000247 bbe4      	OUT  0x14,R30
000248 9ad7      	SBI  0x1A,7
000249 9ad5      	SBI  0x1A,5
00024a 9ad6      	SBI  0x1A,6
00024b 98df      	CBI  0x1B,7
00024c 98dd      	CBI  0x1B,5
00024d 98de      	CBI  0x1B,6
00024e 8088      	LDD  R8,Y+0
00024f 81e8      	LD   R30,Y
000250 58e0      	SUBI R30,-LOW(128)
                +
000251 93e0 02f7+STS __base_y_G101 + ( 2 ) , R30
                 	__PUTB1MN __base_y_G101,2
000253 81e8      	LD   R30,Y
000254 54e0      	SUBI R30,-LOW(192)
                +
000255 93e0 02f8+STS __base_y_G101 + ( 3 ) , R30
                 	__PUTB1MN __base_y_G101,3
000257 e1a4      	LDI  R26,LOW(20)
000258 e0b0      	LDI  R27,0
000259 940e 02a4 	CALL _delay_ms
00025b 940e 029c 	CALL SUBOPT_0x6
00025d 940e 029c 	CALL SUBOPT_0x6
00025f 940e 029c 	CALL SUBOPT_0x6
000261 e2a0      	LDI  R26,LOW(32)
000262 df81      	RCALL __lcd_write_nibble_G101
                +
000263 ec88     +LDI R24 , LOW ( 200 )
000264 e090     +LDI R25 , HIGH ( 200 )
                +__DELAY_USW_LOOP :
000265 9701     +SBIW R24 , 1
000266 f7f1     +BRNE __DELAY_USW_LOOP
                 	__DELAY_USW 200
000267 e2a8      	LDI  R26,LOW(40)
000268 df90      	RCALL __lcd_write_data
000269 e0a4      	LDI  R26,LOW(4)
00026a df8e      	RCALL __lcd_write_data
00026b e8a5      	LDI  R26,LOW(133)
00026c df8c      	RCALL __lcd_write_data
00026d e0a6      	LDI  R26,LOW(6)
00026e df8a      	RCALL __lcd_write_data
00026f dfa2      	RCALL _lcd_clear
                 _0x2080001:
000270 9621      	ADIW R28,1
000271 9508      	RET
                 ; .FEND
                 
                 	.CSEG
                 
                 	.CSEG
                 
                 	.DSEG
                 _cmd_1:
0002b3           	.BYTE 0x3
                 _cmd_baud:
0002b6           	.BYTE 0xC
                 _cmd_setup:
0002c2           	.BYTE 0x5
                 _cmd_2:
0002c7           	.BYTE 0xA
                 _cmd_3:
0002d1           	.BYTE 0x17
                 _cmd_8:
0002e8           	.BYTE 0xD
                 __base_y_G101:
0002f5           	.BYTE 0x4
                 
                 	.CSEG
                 ;OPTIMIZER ADDED SUBROUTINE, CALLED 6 TIMES, CODE SIZE REDUCTION:7 WORDS
                 SUBOPT_0x0:
000272 0da4      	ADD  R26,R4
000273 1db5      	ADC  R27,R5
000274 91ec      	LD   R30,X
000275 30e0      	CPI  R30,0
000276 9508      	RET
                 
                 ;OPTIMIZER ADDED SUBROUTINE, CALLED 6 TIMES, CODE SIZE REDUCTION:27 WORDS
                 SUBOPT_0x1:
000277 0da4      	ADD  R26,R4
000278 1db5      	ADC  R27,R5
000279 91ec      	LD   R30,X
00027a b9ec      	OUT  0xC,R30
00027b e6a4      	LDI  R26,LOW(100)
00027c e0b0      	LDI  R27,0
00027d 940c 02a4 	JMP  _delay_ms
                 
                 ;OPTIMIZER ADDED SUBROUTINE, CALLED 6 TIMES, CODE SIZE REDUCTION:7 WORDS
                 SUBOPT_0x2:
00027f 01f2      	MOVW R30,R4
000280 9631      	ADIW R30,1
000281 012f      	MOVW R4,R30
000282 9731      	SBIW R30,1
000283 9508      	RET
                 
                 ;OPTIMIZER ADDED SUBROUTINE, CALLED 2 TIMES, CODE SIZE REDUCTION:3 WORDS
                 SUBOPT_0x3:
000284 e0ed      	LDI  R30,LOW(13)
000285 b9ec      	OUT  0xC,R30
000286 e2ac      	LDI  R26,LOW(300)
000287 e0b1      	LDI  R27,HIGH(300)
000288 940e 02a4 	CALL _delay_ms
00028a 2444      	CLR  R4
00028b 2455      	CLR  R5
00028c 9508      	RET
                 
                 ;OPTIMIZER ADDED SUBROUTINE, CALLED 2 TIMES, CODE SIZE REDUCTION:3 WORDS
                 SUBOPT_0x4:
00028d e0ed      	LDI  R30,LOW(13)
00028e b9ec      	OUT  0xC,R30
00028f efa4      	LDI  R26,LOW(500)
000290 e0b1      	LDI  R27,HIGH(500)
000291 940e 02a4 	CALL _delay_ms
000293 2444      	CLR  R4
000294 2455      	CLR  R5
000295 9508      	RET
                 
                 ;OPTIMIZER ADDED SUBROUTINE, CALLED 2 TIMES, CODE SIZE REDUCTION:1 WORDS
                 SUBOPT_0x5:
000296 940e 01f9 	CALL __lcd_write_data
000298 e0a3      	LDI  R26,LOW(3)
000299 e0b0      	LDI  R27,0
00029a 940c 02a4 	JMP  _delay_ms
                 
                 ;OPTIMIZER ADDED SUBROUTINE, CALLED 3 TIMES, CODE SIZE REDUCTION:7 WORDS
                 SUBOPT_0x6:
00029c e3a0      	LDI  R26,LOW(48)
00029d 940e 01e4 	CALL __lcd_write_nibble_G101
                +
00029f ec88     +LDI R24 , LOW ( 200 )
0002a0 e090     +LDI R25 , HIGH ( 200 )
                +__DELAY_USW_LOOP :
0002a1 9701     +SBIW R24 , 1
0002a2 f7f1     +BRNE __DELAY_USW_LOOP
                 	__DELAY_USW 200
0002a3 9508      	RET
                 
                 
                 	.CSEG
                 _delay_ms:
0002a4 9610      	adiw r26,0
0002a5 f039      	breq __delay_ms1
                 __delay_ms0:
                +
0002a6 ed80     +LDI R24 , LOW ( 0x7D0 )
0002a7 e097     +LDI R25 , HIGH ( 0x7D0 )
                +__DELAY_USW_LOOP :
0002a8 9701     +SBIW R24 , 1
0002a9 f7f1     +BRNE __DELAY_USW_LOOP
                 	__DELAY_USW 0x7D0
0002aa 95a8      	wdr
0002ab 9711      	sbiw r26,1
0002ac f7c9      	brne __delay_ms0
                 __delay_ms1:
0002ad 9508      	ret
                 
                 ;END OF CODE MARKER
                 __END_OF_CODE:


RESOURCE USE INFORMATION
------------------------

Notice:
The register and instruction counts are symbol table hit counts,
and hence implicitly used resources are not counted, eg, the
'lpm' instruction without operands implicitly uses r0 and z,
none of which are counted.

x,y,z are separate entities in the symbol table and are
counted separately from r26..r31 here.

.dseg memory usage only counts static data declared with .byte

ATmega32L register use summary:
r0 :   4 r1 :   1 r2 :   0 r3 :   0 r4 :   8 r5 :   6 r6 :   4 r7 :   0 
r8 :   2 r9 :   4 r10:   0 r11:   0 r12:   0 r13:   0 r14:   0 r15:   0 
r16:   0 r17:   4 r18:   0 r19:   0 r20:   0 r21:   0 r22:   2 r23:   0 
r24:  21 r25:   5 r26:  69 r27:  36 r28:   4 r29:   1 r30: 117 r31:   5 
x  :   6 y  :  31 z  :   8 
Registers used: 20 out of 35 (57.1%)

ATmega32L instruction use summary:
.lds  :   0 .lds.l:   0 .sts  :   0 .sts.l:   0 adc   :   2 add   :   3 
adiw  :   5 and   :   0 andi  :   2 asr   :   0 bclr  :   0 bld   :   0 
brbc  :   0 brbs  :   0 brcc  :   0 brcs  :   0 break :   0 breq  :  10 
brge  :   0 brhc  :   0 brhs  :   0 brid  :   0 brie  :   0 brlo  :   1 
brlt  :   0 brmi  :   0 brne  :  12 brpl  :   0 brsh  :   0 brtc  :   0 
brts  :   0 brvc  :   0 brvs  :   0 bset  :   0 bst   :   0 call  :  48 
cbi   :   6 cbr   :   0 clc   :   0 clh   :   0 cli   :   1 cln   :   0 
clr   :  10 cls   :   0 clt   :   0 clv   :   0 clz   :   0 com   :   0 
cp    :   1 cpc   :   0 cpi   :   4 cpse  :   0 dec   :   5 des   :   0 
eor   :   0 fmul  :   0 fmuls :   0 fmulsu:   0 icall :   0 ijmp  :   0 
in    :   2 inc   :   2 jmp   :  24 ld    :  14 ldd   :   7 ldi   : 113 
lds   :   0 lpm   :   7 lsl   :   0 lsr   :   0 mov   :   6 movw  :   5 
mul   :   0 muls  :   0 mulsu :   0 neg   :   0 nop   :   0 or    :   1 
ori   :   1 out   :  52 pop   :   0 push  :   0 rcall :  15 ret   :  11 
reti  :   0 rjmp  :  52 rol   :   0 ror   :   0 sbc   :   0 sbci  :   1 
sbi   :   9 sbic  :  16 sbis  :   5 sbiw  :   8 sbr   :   0 sbrc  :   0 
sbrs  :   0 sec   :   0 seh   :   0 sei   :   0 sen   :   0 ser   :   0 
ses   :   0 set   :   0 sev   :   0 sez   :   0 sleep :   0 spm   :   0 
st    :  15 std   :   2 sts   :   2 sub   :   0 subi  :   3 swap  :   2 
tst   :   0 wdr   :   1 
Instructions used: 40 out of 116 (34.5%)

ATmega32L memory use summary [bytes]:
Segment   Begin    End      Code   Data   Used    Size   Use%
---------------------------------------------------------------
[.cseg] 0x000000 0x00055c   1120    252   1372   32768   4.2%
[.dseg] 0x000060 0x0002f9      0    153    153    2048   7.5%
[.eseg] 0x000000 0x000000      0      0      0    1024   0.0%

Assembly complete, 0 errors, 8 warnings
