Added Component: Designator=L2(LED-3MM-RED)
Add component (AddParameter): Name = "Chung_Loai"; Value = "C?m"; VariantName = "[No Variations]"
Add component (AddParameter): Name = "Don_Vi"; Value = "Con"; VariantName = "[No Variations]"
Add component (AddParameter): Name = "Ghi_Chu"; Value = ""; VariantName = "[No Variations]"
Add component (AddParameter): Name = "Kieu_Chan"; Value = ""; VariantName = "[No Variations]"
Add component (AddParameter): Name = "Ma_Hang"; Value = "MH003892"; VariantName = "[No Variations]"
Add component (AddParameter): Name = "Ten_Linh_Kien"; Value = "Led 3MM Ph? Ð? (10c)"; VariantName = "[No Variations]"
Added Component: Designator=LS1(Coi Chip Speacker)
Added Component: Designator=R6(tro vach 1/2w)
Add component (AddParameter): Name = "Chung_Loai"; Value = "C?m"; VariantName = "[No Variations]"
Add component (AddParameter): Name = "Don_Vi"; Value = "Con"; VariantName = "[No Variations]"
Add component (AddParameter): Name = "Kieu_Chan"; Value = ""; VariantName = "[No Variations]"
Add component (AddParameter): Name = "Ma_Hang"; Value = "MH006191"; VariantName = "[No Variations]"
Add component (AddParameter): Name = "So_Chan"; Value = "2"; VariantName = "[No Variations]"
Add component (AddParameter): Name = "Ten_Linh_Kien"; Value = "Tr? 5% 1/2w 240R"; VariantName = "[No Variations]"
Added Pin To Net: NetName=GND Pin=L2-2
Added Pin To Net: NetName=GND Pin=LS1-2
Added Pin To Net: NetName=Coi Pin=LS1-1
Added Pin To Net: NetName=Coi Pin=U2-23
Added Net: Name=Coi
Added Pin To Net: NetName=Den Pin=R6-1
Added Pin To Net: NetName=Den Pin=U2-22
Added Net: Name=Den
Added Member To Class: ClassName=ATmega32 Member=Component L2 LED 3mm
Added Member To Class: ClassName=ATmega32 Member=Component LS1 Coi Chip Speaker
Added Member To Class: ClassName=ATmega32 Member=Component R6 240R
