Removed Pin From Net: NetName=GND Pin=BT1-1
Removed Pin From Net: NetName=GND Pin=BT1-1
Removed Pin From Net: NetName=+5 Pin=R5-2
Added Component: Designator=C4(tu hoa 4mm)
Add component (AddParameter): Name = "Chung_Loai"; Value = "C?m"; VariantName = "[No Variations]"
Add component (AddParameter): Name = "Don_Vi"; Value = "Con"; VariantName = "[No Variations]"
Add component (AddParameter): Name = "Kieu_Chan"; Value = ""; VariantName = "[No Variations]"
Add component (AddParameter): Name = "Ma_Hang"; Value = "MH001349"; VariantName = "[No Variations]"
Add component (AddParameter): Name = "So_Chan"; Value = "2"; VariantName = "[No Variations]"
Add component (AddParameter): Name = "Ten_Linh_Kien"; Value = "T? Hóa 10uF 25V 4x7MM"; VariantName = "[No Variations]"
Added Pin To Net: NetName=+5 Pin=BT1-1
Added Pin To Net: NetName=+5 Pin=BT1-1
Added Pin To Net: NetName=+5 Pin=C4-1
Added Pin To Net: NetName=GND Pin=R5-1
Added Pin To Net: NetName=NetBT1_2 Pin=BT1-2
Added Pin To Net: NetName=NetBT1_2 Pin=BT1-2
Added Pin To Net: NetName=NetBT1_2 Pin=C4-2
Added Pin To Net: NetName=NetBT1_2 Pin=R5-2
Added Pin To Net: NetName=NetBT1_2 Pin=U2-9
Added Net: Name=NetBT1_2
Added Member To Class: ClassName=ATmega32 Member=Component C4 10uF
