Removed Pin From Net: NetName=NetJP3_4 Pin=U2-18
Removed Pin From Net: NetName=NetJP3_3 Pin=U2-19
Removed Pin From Net: NetName=NetJP3_2 Pin=U2-20
Removed Pin From Net: NetName=NetJP3_1 Pin=U2-21
Added Component: Designator=JP3(JP 1x5 DT)
Add component (AddParameter): Name = "Chung_Loai"; Value = "C?m"; VariantName = "[No Variations]"
Add component (AddParameter): Name = "Don_Vi"; Value = "Con"; VariantName = "[No Variations]"
Add component (AddParameter): Name = "Ghi_Chu"; Value = ""; VariantName = "[No Variations]"
Add component (AddParameter): Name = "Kieu_Chan"; Value = ""; VariantName = "[No Variations]"
Add component (AddParameter): Name = "Ma_Hang"; Value = "MH000903"; VariantName = "[No Variations]"
Add component (AddParameter): Name = "Ten_Linh_Kien"; Value = "Jump Ðon Ð?c 2.54MM 1x40P Th?ng 11MM"; VariantName = "[No Variations]"
Added Pin To Net: NetName=NetJP3_1 Pin=JP3-1
Added Pin To Net: NetName=NetJP3_2 Pin=JP3-2
Added Pin To Net: NetName=NetJP3_3 Pin=JP3-3
Added Pin To Net: NetName=NetJP3_4 Pin=JP3-4
Added Pin To Net: NetName=NetJP3_5 Pin=JP3-5
Added Pin To Net: NetName=NetJP3_5 Pin=U2-16
Added Pin To Net: NetName=NetJP3_4 Pin=U2-17
Added Pin To Net: NetName=NetJP3_3 Pin=U2-18
Added Pin To Net: NetName=NetJP3_2 Pin=U2-19
Added Pin To Net: NetName=NetJP3_1 Pin=U2-20
Added Member To Class: ClassName=ATmega32 Member=Component JP3 JP 1x5 2.54
